Failures:

  1) [STEP1] ãƒ¦ãƒ¼ã‚¶ãƒ­ã‚°ã‚¤ãƒ³å‰ã®ãƒ†ã‚¹ãƒˆ ã‚¢ãƒã‚¦ãƒˆç”»é¢ã®ãƒ†ã‚¹ãƒˆ è¡¨ç¤ºå†…å®¹ã®ç¢ºèª URLãŒæ­£ã—ã„
     
  2) [STEP1] ãƒ¦ãƒ¼ã‚¶ãƒ­ã‚°ã‚¤ãƒ³å‰ã®ãƒ†ã‚¹ãƒˆ ãƒ˜ãƒƒãƒ€ãƒ¼ã®ãƒ†ã‚¹ãƒˆ: ãƒ­ã‚°ã‚¤ãƒ³ã—ã¦ã„ãªã„å ´åˆ ãƒªãƒ³ã‚¯ã®å†…å®¹ã‚’ç¢ºèª Aboutã‚’æŠ¼ã™ã¨ã€ã‚¢ãƒã‚¦ãƒˆç”»é¢ã«é·ç§»ã™ã‚‹
     

  3) [STEP1] ãƒ¦ãƒ¼ã‚¶ãƒ­ã‚°ã‚¤ãƒ³å‰ã®ãƒ†ã‚¹ãƒˆ ãƒ¦ãƒ¼ã‚¶ãƒ­ã‚°ã‚¢ã‚¦ãƒˆã®ãƒ†ã‚¹ãƒˆ ãƒ­ã‚°ã‚¢ã‚¦ãƒˆæ©Ÿèƒ½ã®ãƒ†ã‚¹ãƒˆ æ­£ã—ããƒ­ã‚°ã‚¢ã‚¦ãƒˆã§ãã¦ã„ã‚‹: ãƒ­ã‚°ã‚¢ã‚¦ãƒˆå¾Œã®ãƒªãƒ€ã‚¤ãƒ¬ã‚¯ãƒˆå…ˆã«ãŠã„ã¦Aboutç”»é¢ã¸ã®ãƒªãƒ³ã‚¯ãŒå­˜åœ¨ã™ã‚‹
     
  4) [STEP2] ãƒ¦ãƒ¼ã‚¶ãƒ­ã‚°ã‚¤ãƒ³å¾Œã®ãƒ†ã‚¹ãƒˆ æŠ•ç¨¿ä¸€è¦§ç”»é¢ã®ãƒ†ã‚¹ãƒˆ ã‚µã‚¤ãƒ‰ãƒãƒ¼ã®ç¢ºèª Create Bookãƒœã‚¿ãƒ³ãŒè¡¨ç¤ºã•ã‚Œã‚‹
     
  5) [STEP2] ãƒ¦ãƒ¼ã‚¶ãƒ­ã‚°ã‚¤ãƒ³å¾Œã®ãƒ†ã‚¹ãƒˆ æŠ•ç¨¿ä¸€è¦§ç”»é¢ã®ãƒ†ã‚¹ãƒˆ æŠ•ç¨¿æˆåŠŸã®ãƒ†ã‚¹ãƒˆ è‡ªåˆ†ã®æ–°ã—ã„æŠ•ç¨¿ãŒæ­£ã—ãä¿å­˜ã•ã‚Œã‚‹
     

  6) [STEP2] ãƒ¦ãƒ¼ã‚¶ãƒ­ã‚°ã‚¤ãƒ³å¾Œã®ãƒ†ã‚¹ãƒˆ æŠ•ç¨¿ä¸€è¦§ç”»é¢ã®ãƒ†ã‚¹ãƒˆ æŠ•ç¨¿æˆåŠŸã®ãƒ†ã‚¹ãƒˆ ãƒªãƒ€ã‚¤ãƒ¬ã‚¯ãƒˆå…ˆãŒã€ä¿å­˜ã§ããŸæŠ•ç¨¿ã®è©³ç´°ç”»é¢ã«ãªã£ã¦ã„ã‚‹
     [31

  7) [STEP2] ãƒ¦ãƒ¼ã‚¶ãƒ­ã‚°ã‚¤ãƒ³å¾Œã®ãƒ†ã‚¹ãƒˆ è‡ªåˆ†ã®æŠ•ç¨¿è©³ç´°ç”»é¢ã®ãƒ†ã‚¹ãƒˆ è¡¨ç¤ºå†…å®¹ã®ç¢ºèª ãƒ¦ãƒ¼ã‚¶ç”»åƒãƒ»åå‰ã®ãƒªãƒ³ã‚¯å…ˆãŒæ­£ã—ã„
     [31mFailure/Error: expect(page).to have_link book.user.name, href: user_path(book.user)[0m
     [31m  expected to find link "98m1v0gdp7" with href "/users/2" but there were no matches[0m
     [36m# ./spec/system/02_after_login_spec.rb:121:in `block (4 levels) in <main>'[0m

  8) [STEP2] ãƒ¦ãƒ¼ã‚¶ãƒ­ã‚°ã‚¤ãƒ³å¾Œã®ãƒ†ã‚¹ãƒˆ è‡ªåˆ†ã®æŠ•ç¨¿è©³ç´°ç”»é¢ã®ãƒ†ã‚¹ãƒˆ è¡¨ç¤ºå†…å®¹ã®ç¢ºèª æŠ•ç¨¿ã®ç·¨é›†ãƒªãƒ³ã‚¯ãŒè¡¨ç¤ºã•ã‚Œã‚‹
     [31mFailure/Error: expect(page).to have_link 'Edit', href: edit_book_path(book)[0m
     [31m  expected to find link "Edit" with href "/books/1/edit" but there were no matches[0m
     [36m# ./spec/system/02_after_login_spec.rb:130:in `block (4 levels) in <main>'[0m

  9) [STEP2] ãƒ¦ãƒ¼ã‚¶ãƒ­ã‚°ã‚¤ãƒ³å¾Œã®ãƒ†ã‚¹ãƒˆ è‡ªåˆ†ã®æŠ•ç¨¿è©³ç´°ç”»é¢ã®ãƒ†ã‚¹ãƒˆ è¡¨ç¤ºå†…å®¹ã®ç¢ºèª æŠ•ç¨¿ã®å‰Šé™¤ãƒªãƒ³ã‚¯ãŒè¡¨ç¤ºã•ã‚Œã‚‹
     [31mFailure/Error: expect(page).to have_link 'Destroy', href: book_path(book)[0m
     [31m  expected to find link "Destroy" with href "/books/1" but there were no matches[0m
     [36m# ./spec/system/02_after_login_spec.rb:133:in `block (4 levels) in <main>'[0m

  10) [STEP2] ãƒ¦ãƒ¼ã‚¶ãƒ­ã‚°ã‚¤ãƒ³å¾Œã®ãƒ†ã‚¹ãƒˆ è‡ªåˆ†ã®æŠ•ç¨¿è©³ç´°ç”»é¢ã®ãƒ†ã‚¹ãƒˆ ã‚µã‚¤ãƒ‰ãƒãƒ¼ã®ç¢ºèª è‡ªåˆ†ã®åå‰ã¨ç´¹ä»‹æ–‡ãŒè¡¨ç¤ºã•ã‚Œã‚‹
      [31mFailure/Error: expect(page).to have_content user.introduction[0m
      [31m  expected to find text "nyqc3yendmgcrcyyvq4s" in "Bookers\nHome Users Books Log out\nBook detail\nmugt0 t9g47sg9hqi4imxh0cgt edit destroy\na4gf8r3acv\nCopyRight Infratop.inc"[0m
      [36m# ./spec/system/02_after_login_spec.rb:140:in `block (4 levels) in <main>'[0m

  11) [STEP2] ãƒ¦ãƒ¼ã‚¶ãƒ­ã‚°ã‚¤ãƒ³å¾Œã®ãƒ†ã‚¹ãƒˆ è‡ªåˆ†ã®æŠ•ç¨¿è©³ç´°ç”»é¢ã®ãƒ†ã‚¹ãƒˆ ã‚µã‚¤ãƒ‰ãƒãƒ¼ã®ç¢ºèª è‡ªåˆ†ã®ãƒ¦ãƒ¼ã‚¶ç·¨é›†ç”»é¢ã¸ã®ãƒªãƒ³ã‚¯ãŒå­˜åœ¨ã™ã‚‹
      [31mFailure/Error: expect(page).to have_link '', href: edit_user_path(user)[0m
      [31m  expected to find link "" with href "/users/2/edit" but there were no matches[0m
      [36m# ./spec/system/02_after_login_spec.rb:143:in `block (4 levels) in <main>'[0m

  12) [STEP2] ãƒ¦ãƒ¼ã‚¶ãƒ­ã‚°ã‚¤ãƒ³å¾Œã®ãƒ†ã‚¹ãƒˆ è‡ªåˆ†ã®æŠ•ç¨¿è©³ç´°ç”»é¢ã®ãƒ†ã‚¹ãƒˆ ã‚µã‚¤ãƒ‰ãƒãƒ¼ã®ç¢ºèª ã€ŒNew bookã€ã¨è¡¨ç¤ºã•ã‚Œã‚‹
      [31mFailure/Error: expect(page).to have_content 'New book'[0m
      [31m  expected to find text "New book" in "Bookers\nHome Users Books Log out\nBook detail\n2e0eh wpyaezzt7rontue9ienn edit destroy\nlgeexlc36t\nCopyRight Infratop.inc"[0m
      [36m# ./spec/system/02_after_login_spec.rb:146:in `block (4 levels) in <main>'[0m

  13) [STEP2] ãƒ¦ãƒ¼ã‚¶ãƒ­ã‚°ã‚¤ãƒ³å¾Œã®ãƒ†ã‚¹ãƒˆ è‡ªåˆ†ã®æŠ•ç¨¿è©³ç´°ç”»é¢ã®ãƒ†ã‚¹ãƒˆ ã‚µã‚¤ãƒ‰ãƒãƒ¼ã®ç¢ºèª titleãƒ•ã‚©ãƒ¼ãƒ ãŒè¡¨ç¤ºã•ã‚Œã‚‹
      [31mFailure/Error: expect(page).to have_field 'book[title]'[0m
      [31m  expected to find field "book[title]" that is not disabled but there were no matches[0m
      [36m# ./spec/system/02_after_login_spec.rb:149:in `block (4 levels) in <main>'[0m

  14) [STEP2] ãƒ¦ãƒ¼ã‚¶ãƒ­ã‚°ã‚¤ãƒ³å¾Œã®ãƒ†ã‚¹ãƒˆ è‡ªåˆ†ã®æŠ•ç¨¿è©³ç´°ç”»é¢ã®ãƒ†ã‚¹ãƒˆ ã‚µã‚¤ãƒ‰ãƒãƒ¼ã®ç¢ºèª titleãƒ•ã‚©ãƒ¼ãƒ ã«å€¤ãŒå…¥ã£ã¦ã„ãªã„
      [31mFailure/Error: expect(find_field('book[title]').text).to be_blank[0m
      [31m[0m
      [31mCapybara::ElementNotFound:[0m
      [31m  Unable to find field "book[title]" that is not disabled[0m
      [36m# /home/ec2-user/.rvm/gems/ruby-3.1.2/gems/capybara-3.38.0/lib/capybara/node/finders.rb:310:in `block in synced_resolve'[0m
      [36m# /home/ec2-user/.rvm/gems/ruby-3.1.2/gems/capybara-3.38.0/lib/capybara/node/base.rb:84:in `synchronize'[0m
      [36m# /home/ec2-user/.rvm/gems/ruby-3.1.2/gems/capybara-3.38.0/lib/capybara/node/finders.rb:299:in `synced_resolve'[0m
      [36m# /home/ec2-user/.rvm/gems/ruby-3.1.2/gems/capybara-3.38.0/lib/capybara/node/finders.rb:60:in `find'[0m
      [36m# /home/ec2-user/.rvm/gems/ruby-3.1.2/gems/capybara-3.38.0/lib/capybara/node/finders.rb:136:in `find_field'[0m
      [36m# /home/ec2-user/.rvm/gems/ruby-3.1.2/gems/capybara-3.38.0/lib/capybara/session.rb:773:in `find_field'[0m
      [36m# /home/ec2-user/.rvm/gems/ruby-3.1.2/gems/capybara-3.38.0/lib/capybara/dsl.rb:52:in `call'[0m
      [36m# /home/ec2-user/.rvm/gems/ruby-3.1.2/gems/capybara-3.38.0/lib/capybara/dsl.rb:52:in `find_field'[0m
      [36m# ./spec/system/02_after_login_spec.rb:152:in `block (4 levels) in <main>'[0m

  15) [STEP2] ãƒ¦ãƒ¼ã‚¶ãƒ­ã‚°ã‚¤ãƒ³å¾Œã®ãƒ†ã‚¹ãƒˆ è‡ªåˆ†ã®æŠ•ç¨¿è©³ç´°ç”»é¢ã®ãƒ†ã‚¹ãƒˆ ã‚µã‚¤ãƒ‰ãƒãƒ¼ã®ç¢ºèª bodyãƒ•ã‚©ãƒ¼ãƒ ãŒè¡¨ç¤ºã•ã‚Œã‚‹
      [31mFailure/Error: expect(page).to have_field 'book[body]'[0m
      [31m  expected to find field "book[body]" that is not disabled but there were no matches[0m
      [36m# ./spec/system/02_after_login_spec.rb:155:in `block (4 levels) in <main>'[0m

  16) [STEP2] ãƒ¦ãƒ¼ã‚¶ãƒ­ã‚°ã‚¤ãƒ³å¾Œã®ãƒ†ã‚¹ãƒˆ è‡ªåˆ†ã®æŠ•ç¨¿è©³ç´°ç”»é¢ã®ãƒ†ã‚¹ãƒˆ ã‚µã‚¤ãƒ‰ãƒãƒ¼ã®ç¢ºèª bodyãƒ•ã‚©ãƒ¼ãƒ ã«å€¤ãŒå…¥ã£ã¦ã„ãªã„
      [31mFailure/Error: expect(find_field('book[body]').text).to be_blank[0m
      [31m[0m
      [31mCapybara::ElementNotFound:[0m
      [31m  Unable to find field "book[body]" that is not disabled[0m
      [36m# /home/ec2-user/.rvm/gems/ruby-3.1.2/gems/capybara-3.38.0/lib/capybara/node/finders.rb:310:in `block in synced_resolve'[0m
      [36m# /home/ec2-user/.rvm/gems/ruby-3.1.2/gems/capybara-3.38.0/lib/capybara/node/base.rb:84:in `synchronize'[0m
      [36m# /home/ec2-user/.rvm/gems/ruby-3.1.2/gems/capybara-3.38.0/lib/capybara/node/finders.rb:299:in `synced_resolve'[0m
      [36m# /home/ec2-user/.rvm/gems/ruby-3.1.2/gems/capybara-3.38.0/lib/capybara/node/finders.rb:60:in `find'[0m
      [36m# /home/ec2-user/.rvm/gems/ruby-3.1.2/gems/capybara-3.38.0/lib/capybara/node/finders.rb:136:in `find_field'[0m
      [36m# /home/ec2-user/.rvm/gems/ruby-3.1.2/gems/capybara-3.38.0/lib/capybara/session.rb:773:in `find_field'[0m
      [36m# /home/ec2-user/.rvm/gems/ruby-3.1.2/gems/capybara-3.38.0/lib/capybara/dsl.rb:52:in `call'[0m
      [36m# /home/ec2-user/.rvm/gems/ruby-3.1.2/gems/capybara-3.38.0/lib/capybara/dsl.rb:52:in `find_field'[0m
      [36m# ./spec/system/02_after_login_spec.rb:158:in `block (4 levels) in <main>'[0m

  17) [STEP2] ãƒ¦ãƒ¼ã‚¶ãƒ­ã‚°ã‚¤ãƒ³å¾Œã®ãƒ†ã‚¹ãƒˆ è‡ªåˆ†ã®æŠ•ç¨¿è©³ç´°ç”»é¢ã®ãƒ†ã‚¹ãƒˆ ã‚µã‚¤ãƒ‰ãƒãƒ¼ã®ç¢ºèª Create Bookãƒœã‚¿ãƒ³ãŒè¡¨ç¤ºã•ã‚Œã‚‹
      [31mFailure/Error: expect(page).to have_button 'Create Book'[0m
      [31m  expected to find button "Create Book" that is not disabled but there were no matches[0m
      [36m# ./spec/system/02_after_login_spec.rb:161:in `block (4 levels) in <main>'[0m

  18) [STEP2] ãƒ¦ãƒ¼ã‚¶ãƒ­ã‚°ã‚¤ãƒ³å¾Œã®ãƒ†ã‚¹ãƒˆ è‡ªåˆ†ã®æŠ•ç¨¿è©³ç´°ç”»é¢ã®ãƒ†ã‚¹ãƒˆ æŠ•ç¨¿æˆåŠŸã®ãƒ†ã‚¹ãƒˆ è‡ªåˆ†ã®æ–°ã—ã„æŠ•ç¨¿ãŒæ­£ã—ãä¿å­˜ã•ã‚Œã‚‹
      [31mFailure/Error: fill_in 'book[title]', with: Faker::Lorem.characters(number: 5)[0m
      [31m[0m
      [31mCapybara::ElementNotFound:[0m
      [31m  Unable to find field "book[title]" that is not disabled[0m
      [36m# /home/ec2-user/.rvm/gems/ruby-3.1.2/gems/capybara-3.38.0/lib/capybara/node/finders.rb:310:in `block in synced_resolve'[0m
      [36m# /home/ec2-user/.rvm/gems/ruby-3.1.2/gems/capybara-3.38.0/lib/capybara/node/base.rb:84:in `synchronize'[0m
      [36m# /home/ec2-user/.rvm/gems/ruby-3.1.2/gems/capybara-3.38.0/lib/capybara/node/finders.rb:299:in `synced_resolve'[0m
      [36m# /home/ec2-user/.rvm/gems/ruby-3.1.2/gems/capybara-3.38.0/lib/capybara/node/finders.rb:60:in `find'[0m
      [36m# /home/ec2-user/.rvm/gems/ruby-3.1.2/gems/capybara-3.38.0/lib/capybara/node/actions.rb:91:in `fill_in'[0m
      [36m# /home/ec2-user/.rvm/gems/ruby-3.1.2/gems/capybara-3.38.0/lib/capybara/session.rb:773:in `fill_in'[0m
      [36m# /home/ec2-user/.rvm/gems/ruby-3.1.2/gems/capybara-3.38.0/lib/capybara/dsl.rb:52:in `call'[0m
      [36m# /home/ec2-user/.rvm/gems/ruby-3.1.2/gems/capybara-3.38.0/lib/capybara/dsl.rb:52:in `fill_in'[0m
      [36m# ./spec/system/02_after_login_spec.rb:167:in `block (4 levels) in <main>'[0m

  19) [STEP2] ãƒ¦ãƒ¼ã‚¶ãƒ­ã‚°ã‚¤ãƒ³å¾Œã®ãƒ†ã‚¹ãƒˆ è‡ªåˆ†ã®æŠ•ç¨¿è©³ç´°ç”»é¢ã®ãƒ†ã‚¹ãƒˆ ç·¨é›†ãƒªãƒ³ã‚¯ã®ãƒ†ã‚¹ãƒˆ ç·¨é›†ç”»é¢ã«é·ç§»ã™ã‚‹
      [31mFailure/Error: click_link 'Edit'[0m
      [31m[0m
      [31mCapybara::ElementNotFound:[0m
      [31m  Unable to find link "Edit"[0m
      [36m# /home/ec2-user/.rvm/gems/ruby-3.1.2/gems/capybara-3.38.0/lib/capybara/node/finders.rb:310:in `block in synced_resolve'[0m
      [36m# /home/ec2-user/.rvm/gems/ruby-3.1.2/gems/capybara-3.38.0/lib/capybara/node/base.rb:84:in `synchronize'[0m
      [36m# /home/ec2-user/.rvm/gems/ruby-3.1.2/gems/capybara-3.38.0/lib/capybara/node/finders.rb:299:in `synced_resolve'[0m
      [36m# /home/ec2-user/.rvm/gems/ruby-3.1.2/gems/capybara-3.38.0/lib/capybara/node/finders.rb:60:in `find'[0m
      [36m# /home/ec2-user/.rvm/gems/ruby-3.1.2/gems/capybara-3.38.0/lib/capybara/node/actions.rb:42:in `click_link'[0m
      [36m# /home/ec2-user/.rvm/gems/ruby-3.1.2/gems/capybara-3.38.0/lib/capybara/session.rb:773:in `click_link'[0m
      [36m# /home/ec2-user/.rvm/gems/ruby-3.1.2/gems/capybara-3.38.0/lib/capybara/dsl.rb:52:in `call'[0m
      [36m# /home/ec2-user/.rvm/gems/ruby-3.1.2/gems/capybara-3.38.0/lib/capybara/dsl.rb:52:in `click_link'[0m
      [36m# ./spec/system/02_after_login_spec.rb:178:in `block (4 levels) in <main>'[0m

  20) [STEP2] ãƒ¦ãƒ¼ã‚¶ãƒ­ã‚°ã‚¤ãƒ³å¾Œã®ãƒ†ã‚¹ãƒˆ è‡ªåˆ†ã®æŠ•ç¨¿è©³ç´°ç”»é¢ã®ãƒ†ã‚¹ãƒˆ å‰Šé™¤ãƒªãƒ³ã‚¯ã®ãƒ†ã‚¹ãƒˆ application.html.erbã«javascript_pack_tagã‚’å«ã‚“ã§ã„ã‚‹
      [31mFailure/Error: click_link 'Destroy'[0m
      [31m[0m
      [31mCapybara::ElementNotFound:[0m
      [31m  Unable to find link "Destroy"[0m
      [36m# /home/ec2-user/.rvm/gems/ruby-3.1.2/gems/capybara-3.38.0/lib/capybara/node/finders.rb:310:in `block in synced_resolve'[0m
      [36m# /home/ec2-user/.rvm/gems/ruby-3.1.2/gems/capybara-3.38.0/lib/capybara/node/base.rb:84:in `synchronize'[0m
      [36m# /home/ec2-user/.rvm/gems/ruby-3.1.2/gems/capybara-3.38.0/lib/capybara/node/finders.rb:299:in `synced_resolve'[0m
      [36m# /home/ec2-user/.rvm/gems/ruby-3.1.2/gems/capybara-3.38.0/lib/capybara/node/finders.rb:60:in `find'[0m
      [36m# /home/ec2-user/.rvm/gems/ruby-3.1.2/gems/capybara-3.38.0/lib/capybara/node/actions.rb:42:in `click_link'[0m
      [36m# /home/ec2-user/.rvm/gems/ruby-3.1.2/gems/capybara-3.38.0/lib/capybara/session.rb:773:in `click_link'[0m
      [36m# /home/ec2-user/.rvm/gems/ruby-3.1.2/gems/capybara-3.38.0/lib/capybara/dsl.rb:52:in `call'[0m
      [36m# /home/ec2-user/.rvm/gems/ruby-3.1.2/gems/capybara-3.38.0/lib/capybara/dsl.rb:52:in `click_link'[0m
      [36m# ./spec/system/02_after_login_spec.rb:196:in `block (4 levels) in <main>'[0m

  21) [STEP2] ãƒ¦ãƒ¼ã‚¶ãƒ­ã‚°ã‚¤ãƒ³å¾Œã®ãƒ†ã‚¹ãƒˆ è‡ªåˆ†ã®æŠ•ç¨¿è©³ç´°ç”»é¢ã®ãƒ†ã‚¹ãƒˆ å‰Šé™¤ãƒªãƒ³ã‚¯ã®ãƒ†ã‚¹ãƒˆ æ­£ã—ãå‰Šé™¤ã•ã‚Œã‚‹
      [31mFailure/Error: click_link 'Destroy'[0m
      [31m[0m
      [31mCapybara::ElementNotFound:[0m
      [31m  Unable to find link "Destroy"[0m
      [36m# /home/ec2-user/.rvm/gems/ruby-3.1.2/gems/capybara-3.38.0/lib/capybara/node/finders.rb:310:in `block in synced_resolve'[0m
      [36m# /home/ec2-user/.rvm/gems/ruby-3.1.2/gems/capybara-3.38.0/lib/capybara/node/base.rb:84:in `synchronize'[0m
      [36m# /home/ec2-user/.rvm/gems/ruby-3.1.2/gems/capybara-3.38.0/lib/capybara/node/finders.rb:299:in `synced_resolve'[0m
      [36m# /home/ec2-user/.rvm/gems/ruby-3.1.2/gems/capybara-3.38.0/lib/capybara/node/finders.rb:60:in `find'[0m
      [36m# /home/ec2-user/.rvm/gems/ruby-3.1.2/gems/capybara-3.38.0/lib/capybara/node/actions.rb:42:in `click_link'[0m
      [36m# /home/ec2-user/.rvm/gems/ruby-3.1.2/gems/capybara-3.38.0/lib/capybara/session.rb:773:in `click_link'[0m
      [36m# /home/ec2-user/.rvm/gems/ruby-3.1.2/gems/capybara-3.38.0/lib/capybara/dsl.rb:52:in `call'[0m
      [36m# /home/ec2-user/.rvm/gems/ruby-3.1.2/gems/capybara-3.38.0/lib/capybara/dsl.rb:52:in `click_link'[0m
      [36m# ./spec/system/02_after_login_spec.rb:196:in `block (4 levels) in <main>'[0m

  22) [STEP2] ãƒ¦ãƒ¼ã‚¶ãƒ­ã‚°ã‚¤ãƒ³å¾Œã®ãƒ†ã‚¹ãƒˆ è‡ªåˆ†ã®æŠ•ç¨¿è©³ç´°ç”»é¢ã®ãƒ†ã‚¹ãƒˆ å‰Šé™¤ãƒªãƒ³ã‚¯ã®ãƒ†ã‚¹ãƒˆ ãƒªãƒ€ã‚¤ãƒ¬ã‚¯ãƒˆå…ˆãŒã€æŠ•ç¨¿ä¸€è¦§ç”»é¢ã«ãªã£ã¦ã„ã‚‹
      [31mFailure/Error: click_link 'Destroy'[0m
      [31m[0m
      [31mCapybara::ElementNotFound:[0m
      [31m  Unable to find link "Destroy"[0m
      [36m# /home/ec2-user/.rvm/gems/ruby-3.1.2/gems/capybara-3.38.0/lib/capybara/node/finders.rb:310:in `block in synced_resolve'[0m
      [36m# /home/ec2-user/.rvm/gems/ruby-3.1.2/gems/capybara-3.38.0/lib/capybara/node/base.rb:84:in `synchronize'[0m
      [36m# /home/ec2-user/.rvm/gems/ruby-3.1.2/gems/capybara-3.38.0/lib/capybara/node/finders.rb:299:in `synced_resolve'[0m
      [36m# /home/ec2-user/.rvm/gems/ruby-3.1.2/gems/capybara-3.38.0/lib/capybara/node/finders.rb:60:in `find'[0m
      [36m# /home/ec2-user/.rvm/gems/ruby-3.1.2/gems/capybara-3.38.0/lib/capybara/node/actions.rb:42:in `click_link'[0m
      [36m# /home/ec2-user/.rvm/gems/ruby-3.1.2/gems/capybara-3.38.0/lib/capybara/session.rb:773:in `click_link'[0m
      [36m# /home/ec2-user/.rvm/gems/ruby-3.1.2/gems/capybara-3.38.0/lib/capybara/dsl.rb:52:in `call'[0m
      [36m# /home/ec2-user/.rvm/gems/ruby-3.1.2/gems/capybara-3.38.0/lib/capybara/dsl.rb:52:in `click_link'[0m
      [36m# ./spec/system/02_after_login_spec.rb:196:in `block (4 levels) in <main>'[0m

  23) [STEP2] ãƒ¦ãƒ¼ã‚¶ãƒ­ã‚°ã‚¤ãƒ³å¾Œã®ãƒ†ã‚¹ãƒˆ è‡ªåˆ†ã®æŠ•ç¨¿ç·¨é›†ç”»é¢ã®ãƒ†ã‚¹ãƒˆ ç·¨é›†æˆåŠŸã®ãƒ†ã‚¹ãƒˆ ãƒªãƒ€ã‚¤ãƒ¬ã‚¯ãƒˆå…ˆãŒã€æ›´æ–°ã—ãŸæŠ•ç¨¿ã®è©³ç´°ç”»é¢ã«ãªã£ã¦ã„ã‚‹
      [31mFailure/Error: expect(current_path).to eq '/books/' + book.id.to_s[0m
      [31m[0m
      [31m  expected: "/books/1"[0m
      [31m       got: "/users/2"[0m
      [31m[0m
      [31m  (compared using ==)[0m
      [36m# ./spec/system/02_after_login_spec.rb:252:in `block (4 levels) in <main>'[0m

  24) [STEP2] ãƒ¦ãƒ¼ã‚¶ãƒ­ã‚°ã‚¤ãƒ³å¾Œã®ãƒ†ã‚¹ãƒˆ è‡ªåˆ†ã®ãƒ¦ãƒ¼ã‚¶è©³ç´°ç”»é¢ã®ãƒ†ã‚¹ãƒˆ è¡¨ç¤ºã®ç¢ºèª ä»–äººã®æŠ•ç¨¿ã¯è¡¨ç¤ºã•ã‚Œãªã„
      [31mFailure/Error: expect(page).not_to have_link '', href: user_path(other_user)[0m
      [31m  expected not to find visible link "" with href "/users/1", found 1 match: ""[0m
      [36m# ./spec/system/02_after_login_spec.rb:328:in `block (4 levels) in <main>'[0m

  25) [STEP2] ãƒ¦ãƒ¼ã‚¶ãƒ­ã‚°ã‚¤ãƒ³å¾Œã®ãƒ†ã‚¹ãƒˆ è‡ªåˆ†ã®ãƒ¦ãƒ¼ã‚¶æƒ…å ±ç·¨é›†ç”»é¢ã®ãƒ†ã‚¹ãƒˆ è¡¨ç¤ºã®ç¢ºèª ç”»åƒç·¨é›†ãƒ•ã‚©ãƒ¼ãƒ ãŒè¡¨ç¤ºã•ã‚Œã‚‹
      [31mFailure/Error: expect(page).to have_field 'user[profile_image]'[0m
      [31m  expected to find field "user[profile_image]" that is not disabled but there were no matches[0m
      [36m# ./spec/system/02_after_login_spec.rb:376:in `block (4 levels) in <main>'[0m

  26) [STEP2] ãƒ¦ãƒ¼ã‚¶ãƒ­ã‚°ã‚¤ãƒ³å¾Œã®ãƒ†ã‚¹ãƒˆ è‡ªåˆ†ã®ãƒ¦ãƒ¼ã‚¶æƒ…å ±ç·¨é›†ç”»é¢ã®ãƒ†ã‚¹ãƒˆ æ›´æ–°æˆåŠŸã®ãƒ†ã‚¹ãƒˆ nameãŒæ­£ã—ãæ›´æ–°ã•ã‚Œã‚‹
      [31mFailure/Error: expect(user.profile_image).to be_attached[0m
      [31m[0m
      [31mNoMethodError:[0m
      [31m  undefined method `profile_image' for #<User id: 2, email: "coral@nicolas.info", name: "umk7zlqjzz", introduction: "d6d5z9q3d51am2ww0gyn", created_at: "2022-12-08 09:40:40.903372000 +0000", updated_at: "2022-12-08 09:40:40.915728000 +0000">[0m
      [36m# ./spec/system/02_after_login_spec.rb:392:in `block (4 levels) in <main>'[0m

  27) [STEP2] ãƒ¦ãƒ¼ã‚¶ãƒ­ã‚°ã‚¤ãƒ³å¾Œã®ãƒ†ã‚¹ãƒˆ è‡ªåˆ†ã®ãƒ¦ãƒ¼ã‚¶æƒ…å ±ç·¨é›†ç”»é¢ã®ãƒ†ã‚¹ãƒˆ æ›´æ–°æˆåŠŸã®ãƒ†ã‚¹ãƒˆ introductionãŒæ­£ã—ãæ›´æ–°ã•ã‚Œã‚‹
      [31mFailure/Error: expect(user.profile_image).to be_attached[0m
      [31m[0m
      [31mNoMethodError:[0m
      [31m  undefined method `profile_image' for #<User id: 2, email: "daphne_zboncak@schuster.name", name: "y4d1zp2vvu", introduction: "mrisv8nkl5f3spue24uo", created_at: "2022-12-08 09:40:41.202056000 +0000", updated_at: "2022-12-08 09:40:41.214775000 +0000">[0m
      [36m# ./spec/system/02_after_login_spec.rb:392:in `block (4 levels) in <main>'[0m

  28) [STEP2] ãƒ¦ãƒ¼ã‚¶ãƒ­ã‚°ã‚¤ãƒ³å¾Œã®ãƒ†ã‚¹ãƒˆ è‡ªåˆ†ã®ãƒ¦ãƒ¼ã‚¶æƒ…å ±ç·¨é›†ç”»é¢ã®ãƒ†ã‚¹ãƒˆ æ›´æ–°æˆåŠŸã®ãƒ†ã‚¹ãƒˆ ãƒªãƒ€ã‚¤ãƒ¬ã‚¯ãƒˆå…ˆãŒã€è‡ªåˆ†ã®ãƒ¦ãƒ¼ã‚¶è©³ç´°ç”»é¢ã«ãªã£ã¦ã„ã‚‹
      [31mFailure/Error: expect(user.profile_image).to be_attached[0m
      [31m[0m
      [31mNoMethodError:[0m
      [31m  undefined method `profile_image' for #<User id: 2, email: "alton@carter.io", name: "v3lmqgfsqb", introduction: "weg2hwyyx5qe0e83znvl", created_at: "2022-12-08 09:40:41.532494000 +0000", updated_at: "2022-12-08 09:40:41.549907000 +0000">[0m
      [36m# ./spec/system/02_after_login_spec.rb:392:in `block (4 levels) in <main>'[0m

  29) [STEP3] ä»•ä¸Šã’ã®ãƒ†ã‚¹ãƒˆ ã‚µã‚¯ã‚»ã‚¹ãƒ¡ãƒƒã‚»ãƒ¼ã‚¸ã®ãƒ†ã‚¹ãƒˆ æŠ•ç¨¿ãƒ‡ãƒ¼ã‚¿ã®æ–°è¦æŠ•ç¨¿æˆåŠŸæ™‚: æŠ•ç¨¿ä¸€è¦§ç”»é¢ã‹ã‚‰è¡Œã„ã¾ã™ã€‚
      [31mFailure/Error: click_button 'Create Book'[0m
      [31m[0m
      [31mCapybara::ElementNotFound:[0m
      [31m  Unable to find button "Create Book" that is not disabled[0m
      [36m# /home/ec2-user/.rvm/gems/ruby-3.1.2/gems/capybara-3.38.0/lib/capybara/node/finders.rb:310:in `block in synced_resolve'[0m
      [36m# /home/ec2-user/.rvm/gems/ruby-3.1.2/gems/capybara-3.38.0/lib/capybara/node/base.rb:84:in `synchronize'[0m
      [36m# /home/ec2-user/.rvm/gems/ruby-3.1.2/gems/capybara-3.38.0/lib/capybara/node/finders.rb:299:in `synced_resolve'[0m
      [36m# /home/ec2-user/.rvm/gems/ruby-3.1.2/gems/capybara-3.38.0/lib/capybara/node/finders.rb:60:in `find'[0m
      [36m# /home/ec2-user/.rvm/gems/ruby-3.1.2/gems/capybara-3.38.0/lib/capybara/node/actions.rb:58:in `click_button'[0m
      [36m# /home/ec2-user/.rvm/gems/ruby-3.1.2/gems/capybara-3.38.0/lib/capybara/session.rb:773:in `click_button'[0m
      [36m# /home/ec2-user/.rvm/gems/ruby-3.1.2/gems/capybara-3.38.0/lib/capybara/dsl.rb:52:in `call'[0m
      [36m# /home/ec2-user/.rvm/gems/ruby-3.1.2/gems/capybara-3.38.0/lib/capybara/dsl.rb:52:in `click_button'[0m
      [36m# ./spec/system/03_finishing_touches_spec.rb:55:in `block (3 levels) in <main>'[0m

  30) [STEP3] ä»•ä¸Šã’ã®ãƒ†ã‚¹ãƒˆ å‡¦ç†å¤±æ•—æ™‚ã®ãƒ†ã‚¹ãƒˆ æŠ•ç¨¿ãƒ‡ãƒ¼ã‚¿ã®æ–°è¦æŠ•ç¨¿å¤±æ•—: æŠ•ç¨¿ä¸€è¦§ç”»é¢ã‹ã‚‰è¡Œã„ã€titleã‚’ç©ºã«ã™ã‚‹ æŠ•ç¨¿ãŒä¿å­˜ã•ã‚Œãªã„
      [31mFailure/Error: expect { click_button 'Create Book' }.not_to change(Book.all, :count)[0m
      [31m[0m
      [31mCapybara::ElementNotFound:[0m
      [31m  Unable to find button "Create Book" that is not disabled[0m
      [36m# /home/ec2-user/.rvm/gems/ruby-3.1.2/gems/capybara-3.38.0/lib/capybara/node/finders.rb:310:in `block in synced_resolve'[0m
      [36m# /home/ec2-user/.rvm/gems/ruby-3.1.2/gems/capybara-3.38.0/lib/capybara/node/base.rb:84:in `synchronize'[0m
      [36m# /home/ec2-user/.rvm/gems/ruby-3.1.2/gems/capybara-3.38.0/lib/capybara/node/finders.rb:299:in `synced_resolve'[0m
      [36m# /home/ec2-user/.rvm/gems/ruby-3.1.2/gems/capybara-3.38.0/lib/capybara/node/finders.rb:60:in `find'[0m
      [36m# /home/ec2-user/.rvm/gems/ruby-3.1.2/gems/capybara-3.38.0/lib/capybara/node/actions.rb:58:in `click_button'[0m
      [36m# /home/ec2-user/.rvm/gems/ruby-3.1.2/gems/capybara-3.38.0/lib/capybara/session.rb:773:in `click_button'[0m
      [36m# /home/ec2-user/.rvm/gems/ruby-3.1.2/gems/capybara-3.38.0/lib/capybara/dsl.rb:52:in `call'[0m
      [36m# /home/ec2-user/.rvm/gems/ruby-3.1.2/gems/capybara-3.38.0/lib/capybara/dsl.rb:52:in `click_button'[0m
      [36m# ./spec/system/03_finishing_touches_spec.rb:132:in `block (5 levels) in <main>'[0m
      [36m# ./spec/system/03_finishing_touches_spec.rb:132:in `block (4 levels) in <main>'[0m

  31) [STEP3] ä»•ä¸Šã’ã®ãƒ†ã‚¹ãƒˆ å‡¦ç†å¤±æ•—æ™‚ã®ãƒ†ã‚¹ãƒˆ æŠ•ç¨¿ãƒ‡ãƒ¼ã‚¿ã®æ–°è¦æŠ•ç¨¿å¤±æ•—: æŠ•ç¨¿ä¸€è¦§ç”»é¢ã‹ã‚‰è¡Œã„ã€titleã‚’ç©ºã«ã™ã‚‹ æŠ•ç¨¿ä¸€è¦§ç”»é¢ã‚’è¡¨ç¤ºã—ã¦ã„ã‚‹
      [31mFailure/Error: click_button 'Create Book'[0m
      [31m[0m
      [31mCapybara::ElementNotFound:[0m
      [31m  Unable to find button "Create Book" that is not disabled[0m
      [36m# /home/ec2-user/.rvm/gems/ruby-3.1.2/gems/capybara-3.38.0/lib/capybara/node/finders.rb:310:in `block in synced_resolve'[0m
      [36m# /home/ec2-user/.rvm/gems/ruby-3.1.2/gems/capybara-3.38.0/lib/capybara/node/base.rb:84:in `synchronize'[0m
      [36m# /home/ec2-user/.rvm/gems/ruby-3.1.2/gems/capybara-3.38.0/lib/capybara/node/finders.rb:299:in `synced_resolve'[0m
      [36m# /home/ec2-user/.rvm/gems/ruby-3.1.2/gems/capybara-3.38.0/lib/capybara/node/finders.rb:60:in `find'[0m
      [36m# /home/ec2-user/.rvm/gems/ruby-3.1.2/gems/capybara-3.38.0/lib/capybara/node/actions.rb:58:in `click_button'[0m
      [36m# /home/ec2-user/.rvm/gems/ruby-3.1.2/gems/capybara-3.38.0/lib/capybara/session.rb:773:in `click_button'[0m
      [36m# /home/ec2-user/.rvm/gems/ruby-3.1.2/gems/capybara-3.38.0/lib/capybara/dsl.rb:52:in `call'[0m
      [36m# /home/ec2-user/.rvm/gems/ruby-3.1.2/gems/capybara-3.38.0/lib/capybara/dsl.rb:52:in `click_button'[0m
      [36m# ./spec/system/03_finishing_touches_spec.rb:135:in `block (4 levels) in <main>'[0m

  32) [STEP3] ä»•ä¸Šã’ã®ãƒ†ã‚¹ãƒˆ å‡¦ç†å¤±æ•—æ™‚ã®ãƒ†ã‚¹ãƒˆ æŠ•ç¨¿ãƒ‡ãƒ¼ã‚¿ã®æ–°è¦æŠ•ç¨¿å¤±æ•—: æŠ•ç¨¿ä¸€è¦§ç”»é¢ã‹ã‚‰è¡Œã„ã€titleã‚’ç©ºã«ã™ã‚‹ ãƒãƒªãƒ‡ãƒ¼ã‚·ãƒ§ãƒ³ã‚¨ãƒ©ãƒ¼ãŒè¡¨ç¤ºã•ã‚Œã‚‹
      [31mFailure/Error: click_button 'Create Book'[0m
      [31m[0m
      [31mCapybara::ElementNotFound:[0m
      [31m  Unable to find button "Create Book" that is not disabled[0m
      [36m# /home/ec2-user/.rvm/gems/ruby-3.1.2/gems/capybara-3.38.0/lib/capybara/node/finders.rb:310:in `block in synced_resolve'[0m
      [36m# /home/ec2-user/.rvm/gems/ruby-3.1.2/gems/capybara-3.38.0/lib/capybara/node/base.rb:84:in `synchronize'[0m
      [36m# /home/ec2-user/.rvm/gems/ruby-3.1.2/gems/capybara-3.38.0/lib/capybara/node/finders.rb:299:in `synced_resolve'[0m
      [36m# /home/ec2-user/.rvm/gems/ruby-3.1.2/gems/capybara-3.38.0/lib/capybara/node/finders.rb:60:in `find'[0m
      [36m# /home/ec2-user/.rvm/gems/ruby-3.1.2/gems/capybara-3.38.0/lib/capybara/node/actions.rb:58:in `click_button'[0m
      [36m# /home/ec2-user/.rvm/gems/ruby-3.1.2/gems/capybara-3.38.0/lib/capybara/session.rb:773:in `click_button'[0m
      [36m# /home/ec2-user/.rvm/gems/ruby-3.1.2/gems/capybara-3.38.0/lib/capybara/dsl.rb:52:in `call'[0m
      [36m# /home/ec2-user/.rvm/gems/ruby-3.1.2/gems/capybara-3.38.0/lib/capybara/dsl.rb:52:in `click_button'[0m
      [36m# ./spec/system/03_finishing_touches_spec.rb:145:in `block (4 levels) in <main>'[0m

  33) [STEP3] ä»•ä¸Šã’ã®ãƒ†ã‚¹ãƒˆ å‡¦ç†å¤±æ•—æ™‚ã®ãƒ†ã‚¹ãƒˆ æŠ•ç¨¿ãƒ‡ãƒ¼ã‚¿ã®æ›´æ–°å¤±æ•—: titleã‚’ç©ºã«ã™ã‚‹ ã‚¨ãƒ©ãƒ¼ãƒ¡ãƒƒã‚»ãƒ¼ã‚¸ãŒè¡¨ç¤ºã•ã‚Œã‚‹
      [31mFailure/Error: expect(page).to have_content 'error'[0m
      [31m  expected to find text "error" in "Bookers\nHome Users Books Log out\n1ä»¶ã®ã‚¨ãƒ©ãƒ¼\nTitle can't be blank\nEditing Book\nTitle\nOption v0udavtzx820d087w6yj\nShow | Back\nCopyRight Infratop.inc"[0m
      [36m# ./spec/system/03_finishing_touches_spec.rb:171:in `block (4 levels) in <main>'[0m

  34) [STEP3] ä»•ä¸Šã’ã®ãƒ†ã‚¹ãƒˆ ä»–äººã®ç”»é¢ã®ãƒ†ã‚¹ãƒˆ ä»–äººã®æŠ•ç¨¿è©³ç´°ç”»é¢ã®ãƒ†ã‚¹ãƒˆ è¡¨ç¤ºå†…å®¹ã®ç¢ºèª ãƒ¦ãƒ¼ã‚¶ç”»åƒãƒ»åå‰ã®ãƒªãƒ³ã‚¯å…ˆãŒæ­£ã—ã„
      [31mFailure/Error: expect(page).to have_link other_book.user.name, href: user_path(other_book.user)[0m
      [31m  expected to find link "305oyuwc80" with href "/users/1" but there were no matches[0m
      [36m# ./spec/system/03_finishing_touches_spec.rb:226:in `block (5 levels) in <main>'[0m

  35) [STEP3] ä»•ä¸Šã’ã®ãƒ†ã‚¹ãƒˆ ä»–äººã®ç”»é¢ã®ãƒ†ã‚¹ãƒˆ ä»–äººã®æŠ•ç¨¿è©³ç´°ç”»é¢ã®ãƒ†ã‚¹ãƒˆ ã‚µã‚¤ãƒ‰ãƒãƒ¼ã®ç¢ºèª ä»–äººã®åå‰ã¨ç´¹ä»‹æ–‡ãŒè¡¨ç¤ºã•ã‚Œã‚‹
      [31mFailure/Error: expect(page).to have_content other_user.introduction[0m
      [31m  expected to find text "42vxaajhergl4hp2m8tm" in "Bookers\nHome Users Books Log out\nBook detail\nsroy5 cdedqdvepledpjwx3xdv\nuplymu9p05\nCopyRight Infratop.inc"[0m
      [36m# ./spec/system/03_finishing_touches_spec.rb:245:in `block (5 levels) in <main>'[0m

  36) [STEP3] ä»•ä¸Šã’ã®ãƒ†ã‚¹ãƒˆ ä»–äººã®ç”»é¢ã®ãƒ†ã‚¹ãƒˆ ä»–äººã®æŠ•ç¨¿è©³ç´°ç”»é¢ã®ãƒ†ã‚¹ãƒˆ ã‚µã‚¤ãƒ‰ãƒãƒ¼ã®ç¢ºèª ä»–äººã®ãƒ¦ãƒ¼ã‚¶ç·¨é›†ç”»é¢ã¸ã®ãƒªãƒ³ã‚¯ãŒå­˜åœ¨ã™ã‚‹
      [31mFailure/Error: expect(page).to have_link '', href: edit_user_path(other_user)[0m
      [31m  expected to find link "" with href "/users/1/edit" but there were no matches[0m
      [36m# ./spec/system/03_finishing_touches_spec.rb:248:in `block (5 levels) in <main>'[0m

  37) [STEP3] ä»•ä¸Šã’ã®ãƒ†ã‚¹ãƒˆ ä»–äººã®ç”»é¢ã®ãƒ†ã‚¹ãƒˆ ä»–äººã®æŠ•ç¨¿ç·¨é›†ç”»é¢ é·ç§»ã§ããšã€æŠ•ç¨¿ä¸€è¦§ç”»é¢ã«ãƒªãƒ€ã‚¤ãƒ¬ã‚¯ãƒˆã•ã‚Œã‚‹
      [31mFailure/Error: expect(current_path).to eq '/books'[0m
      [31m[0m
      [31m  expected: "/books"[0m
      [31m       got: "/users/2"[0m
      [31m[0m
      [31m  (compared using ==)[0m
      [36m# ./spec/system/03_finishing_touches_spec.rb:263:in `block (4 levels) in <main>'[0m

  38) [STEP3] ä»•ä¸Šã’ã®ãƒ†ã‚¹ãƒˆ ä»–äººã®ç”»é¢ã®ãƒ†ã‚¹ãƒˆ ä»–äººã®ãƒ¦ãƒ¼ã‚¶è©³ç´°ç”»é¢ã®ãƒ†ã‚¹ãƒˆ è¡¨ç¤ºã®ç¢ºèª æŠ•ç¨¿ä¸€è¦§ã®ãƒ¦ãƒ¼ã‚¶ç”»åƒã®ãƒªãƒ³ã‚¯å…ˆãŒæ­£ã—ã„
      [31mFailure/Error: expect(page).to have_link '', href: user_path(other_user)[0m
      [31m  expected to find link "" with href "/users/1" but there were no matches[0m
      [36m# ./spec/system/03_finishing_touches_spec.rb:277:in `block (5 levels) in <main>'[0m

  39) [STEP3] ä»•ä¸Šã’ã®ãƒ†ã‚¹ãƒˆ ä»–äººã®ç”»é¢ã®ãƒ†ã‚¹ãƒˆ ä»–äººã®ãƒ¦ãƒ¼ã‚¶è©³ç´°ç”»é¢ã®ãƒ†ã‚¹ãƒˆ ã‚µã‚¤ãƒ‰ãƒãƒ¼ã®ç¢ºèª ä»–äººã®ãƒ¦ãƒ¼ã‚¶ç·¨é›†ç”»é¢ã¸ã®ãƒªãƒ³ã‚¯ãŒå­˜åœ¨ã™ã‚‹
      [31mFailure/Error: expect(page).to have_link '', href: edit_user_path(other_user)[0m
      [31m  expected to find link "" with href "/users/1/edit" but there were no matches[0m
      [36m# ./spec/system/03_finishing_touches_spec.rb:297:in `block (5 levels) in <main>'[0m

  40) [STEP3] ä»•ä¸Šã’ã®ãƒ†ã‚¹ãƒˆ ä»–äººã®ç”»é¢ã®ãƒ†ã‚¹ãƒˆ ä»–äººã®ãƒ¦ãƒ¼ã‚¶è©³ç´°ç”»é¢ã®ãƒ†ã‚¹ãƒˆ ã‚µã‚¤ãƒ‰ãƒãƒ¼ã®ç¢ºèª è‡ªåˆ†ã®ãƒ¦ãƒ¼ã‚¶ç·¨é›†ç”»é¢ã¸ã®ãƒªãƒ³ã‚¯ã¯å­˜åœ¨ã—ãªã„
      [31mFailure/Error: expect(page).not_to have_link '', href: edit_user_path(user)[0m
      [31m  expected not to find visible link "" with href "/users/2/edit", found 1 match: ""[0m
      [36m# ./spec/system/03_finishing_touches_spec.rb:304:in `block (5 levels) in <main>'[0m

  41) [STEP3] ä»•ä¸Šã’ã®ãƒ†ã‚¹ãƒˆ ã‚°ãƒªãƒƒãƒ‰ã‚·ã‚¹ãƒ†ãƒ ã®ãƒ†ã‚¹ãƒˆ: container, row, col-md-ã€‡ã‚’æ­£ã—ãä½¿ãˆã¦ã„ã‚‹ ãƒ¦ãƒ¼ã‚¶ä¸€è¦§ç”»é¢
      [31mFailure/Error: is_expected.to have_selector '.container .row .col-md-3'[0m
      [31m  expected to find css ".container .row .col-md-3" but there were no matches[0m
      [36m# ./spec/system/03_finishing_touches_spec.rb:329:in `block (3 levels) in <main>'[0m

  42) [STEP3] ä»•ä¸Šã’ã®ãƒ†ã‚¹ãƒˆ ã‚°ãƒªãƒƒãƒ‰ã‚·ã‚¹ãƒ†ãƒ ã®ãƒ†ã‚¹ãƒˆ: container, row, col-md-ã€‡ã‚’æ­£ã—ãä½¿ãˆã¦ã„ã‚‹ æŠ•ç¨¿è©³ç´°ç”»é¢
      [31mFailure/Error: is_expected.to have_selector '.container .row .col-md-3'[0m
      [31m  expected to find css ".container .row .col-md-3" but there were no matches[0m
      [36m# ./spec/system/03_finishing_touches_spec.rb:344:in `block (3 levels) in <main>'[0m

  43) [STEP3] ä»•ä¸Šã’ã®ãƒ†ã‚¹ãƒˆ ã‚¢ã‚¤ã‚³ãƒ³ã®ãƒ†ã‚¹ãƒˆ ã‚¢ãƒã‚¦ãƒˆç”»é¢ æœ¬ã®ã‚¢ã‚¤ã‚³ãƒ³ãŒè¡¨ç¤ºã•ã‚Œã‚‹
      [31mFailure/Error: visit '/home/about'[0m
      [31m[0m
      [31mActionController::RoutingError:[0m
      [31m  No route matches [GET] "/home/about"[0m
      [36m# /home/ec2-user/.rvm/gems/ruby-3.1.2/gems/railties-6.1.7/lib/rails/rack/logger.rb:37:in `call_app'[0m
      [36m# /home/ec2-user/.rvm/gems/ruby-3.1.2/gems/railties-6.1.7/lib/rails/rack/logger.rb:26:in `block in call'[0m
      [36m# /home/ec2-user/.rvm/gems/ruby-3.1.2/gems/railties-6.1.7/lib/rails/rack/logger.rb:26:in `call'[0m
      [36m# /home/ec2-user/.rvm/gems/ruby-3.1.2/gems/rack-2.2.4/lib/rack/method_override.rb:24:in `call'[0m
      [36m# /home/ec2-user/.rvm/gems/ruby-3.1.2/gems/rack-2.2.4/lib/rack/runtime.rb:22:in `call'[0m
      [36m# /home/ec2-user/.rvm/gems/ruby-3.1.2/gems/rack-2.2.4/lib/rack/sendfile.rb:110:in `call'[0m
      [36m# /home/ec2-user/.rvm/gems/ruby-3.1.2/gems/railties-6.1.7/lib/rails/engine.rb:539:in `call'[0m
      [36m# /home/ec2-user/.rvm/gems/ruby-3.1.2/gems/rack-2.2.4/lib/rack/urlmap.rb:74:in `block in call'[0m
      [36m# /home/ec2-user/.rvm/gems/ruby-3.1.2/gems/rack-2.2.4/lib/rack/urlmap.rb:58:in `each'[0m
      [36m# /home/ec2-user/.rvm/gems/ruby-3.1.2/gems/rack-2.2.4/lib/rack/urlmap.rb:58:in `call'[0m
      [36m# /home/ec2-user/.rvm/gems/ruby-3.1.2/gems/rack-2.2.4/lib/rack/builder.rb:244:in `call'[0m
      [36m# /home/ec2-user/.rvm/gems/ruby-3.1.2/gems/rack-test-2.0.2/lib/rack/test.rb:358:in `process_request'[0m
      [36m# /home/ec2-user/.rvm/gems/ruby-3.1.2/gems/rack-test-2.0.2/lib/rack/test.rb:165:in `custom_request'[0m
      [36m# /home/ec2-user/.rvm/gems/ruby-3.1.2/gems/rack-test-2.0.2/lib/rack/test.rb:114:in `get'[0m
      [36m# /home/ec2-user/.rvm/gems/ruby-3.1.2/gems/capybara-3.38.0/lib/capybara/rack_test/browser.rb:80:in `process'[0m
      [36m# /home/ec2-user/.rvm/gems/ruby-3.1.2/gems/capybara-3.38.0/lib/capybara/rack_test/browser.rb:55:in `process_and_follow_redirects'[0m
      [36m# /home/ec2-user/.rvm/gems/ruby-3.1.2/gems/capybara-3.38.0/lib/capybara/rack_test/browser.rb:26:in `visit'[0m
      [36m# /home/ec2-user/.rvm/gems/ruby-3.1.2/gems/capybara-3.38.0/lib/capybara/rack_test/driver.rb:46:in `visit'[0m
      [36m# /home/ec2-user/.rvm/gems/ruby-3.1.2/gems/capybara-3.38.0/lib/capybara/session.rb:280:in `visit'[0m
      [36m# /home/ec2-user/.rvm/gems/ruby-3.1.2/gems/capybara-3.38.0/lib/capybara/dsl.rb:52:in `call'[0m
      [36m# /home/ec2-user/.rvm/gems/ruby-3.1.2/gems/capybara-3.38.0/lib/capybara/dsl.rb:52:in `visit'[0m
      [36m# ./spec/system/03_finishing_touches_spec.rb:366:in `block (4 levels) in <main>'[0m

  44) [STEP3] ä»•ä¸Šã’ã®ãƒ†ã‚¹ãƒˆ ã‚¢ã‚¤ã‚³ãƒ³ã®ãƒ†ã‚¹ãƒˆ ãƒ˜ãƒƒãƒ€ãƒ¼: ãƒ­ã‚°ã‚¤ãƒ³ã—ã¦ã„ã‚‹å ´åˆ Usersãƒªãƒ³ã‚¯ã®ã‚¢ã‚¤ã‚³ãƒ³ãŒè¡¨ç¤ºã•ã‚Œã‚‹
      [31mFailure/Error: is_expected.to have_selector '.fas.fa-users'[0m
      [31m  expected to find css ".fas.fa-users" but there were no matches[0m
      [36m# ./spec/system/03_finishing_touches_spec.rb:409:in `block (4 levels) in <main>'[0m

  45) [STEP3] ä»•ä¸Šã’ã®ãƒ†ã‚¹ãƒˆ ã‚¢ã‚¤ã‚³ãƒ³ã®ãƒ†ã‚¹ãƒˆ ã‚µã‚¤ãƒ‰ãƒãƒ¼ æŠ•ç¨¿è©³ç´°ç”»é¢ã§ãƒ¬ãƒ³ãƒã‚¢ã‚¤ã‚³ãƒ³ãŒè¡¨ç¤ºã•ã‚Œã‚‹
      [31mFailure/Error: is_expected.to have_selector '.fas.fa-user-cog'[0m
      [31m  expected to find css ".fas.fa-user-cog" but there were no matches[0m
      [36m# ./spec/system/03_finishing_touches_spec.rb:443:in `block (4 levels) in <main>'[0m

Finished in 51.48 seconds (files took 1.87 seconds to load)
[31m199 examples, 45 failures[0m

Failed examples:

[31mrspec ./spec/system/01_before_login_spec.rb:38[0m [36m# [STEP1] ãƒ¦ãƒ¼ã‚¶ãƒ­ã‚°ã‚¤ãƒ³å‰ã®ãƒ†ã‚¹ãƒˆ ã‚¢ãƒã‚¦ãƒˆç”»é¢ã®ãƒ†ã‚¹ãƒˆ è¡¨ç¤ºå†…å®¹ã®ç¢ºèª URLãŒæ­£ã—ã„[0m
[31mrspec ./spec/system/01_before_login_spec.rb:89[0m [36m# [STEP1] ãƒ¦ãƒ¼ã‚¶ãƒ­ã‚°ã‚¤ãƒ³å‰ã®ãƒ†ã‚¹ãƒˆ ãƒ˜ãƒƒãƒ€ãƒ¼ã®ãƒ†ã‚¹ãƒˆ: ãƒ­ã‚°ã‚¤ãƒ³ã—ã¦ã„ãªã„å ´åˆ ãƒªãƒ³ã‚¯ã®å†…å®¹ã‚’ç¢ºèª Aboutã‚’æŠ¼ã™ã¨ã€ã‚¢ãƒã‚¦ãƒˆç”»é¢ã«é·ç§»ã™ã‚‹[0m
[31mrspec ./spec/system/01_before_login_spec.rb:258[0m [36m# [STEP1] ãƒ¦ãƒ¼ã‚¶ãƒ­ã‚°ã‚¤ãƒ³å‰ã®ãƒ†ã‚¹ãƒˆ ãƒ¦ãƒ¼ã‚¶ãƒ­ã‚°ã‚¢ã‚¦ãƒˆã®ãƒ†ã‚¹ãƒˆ ãƒ­ã‚°ã‚¢ã‚¦ãƒˆæ©Ÿèƒ½ã®ãƒ†ã‚¹ãƒˆ æ­£ã—ããƒ­ã‚°ã‚¢ã‚¦ãƒˆã§ãã¦ã„ã‚‹: ãƒ­ã‚°ã‚¢ã‚¦ãƒˆå¾Œã®ãƒªãƒ€ã‚¤ãƒ¬ã‚¯ãƒˆå…ˆã«ãŠã„ã¦Aboutç”»é¢ã¸ã®ãƒªãƒ³ã‚¯ãŒå­˜åœ¨ã™ã‚‹[0m
[31mrspec ./spec/system/02_after_login_spec.rb:87[0m [36m# [STEP2] ãƒ¦ãƒ¼ã‚¶ãƒ­ã‚°ã‚¤ãƒ³å¾Œã®ãƒ†ã‚¹ãƒˆ æŠ•ç¨¿ä¸€è¦§ç”»é¢ã®ãƒ†ã‚¹ãƒˆ ã‚µã‚¤ãƒ‰ãƒãƒ¼ã®ç¢ºèª Create Bookãƒœã‚¿ãƒ³ãŒè¡¨ç¤ºã•ã‚Œã‚‹[0m
[31mrspec ./spec/system/02_after_login_spec.rb:98[0m [36m# [STEP2] ãƒ¦ãƒ¼ã‚¶ãƒ­ã‚°ã‚¤ãƒ³å¾Œã®ãƒ†ã‚¹ãƒˆ æŠ•ç¨¿ä¸€è¦§ç”»é¢ã®ãƒ†ã‚¹ãƒˆ æŠ•ç¨¿æˆåŠŸã®ãƒ†ã‚¹ãƒˆ è‡ªåˆ†ã®æ–°ã—ã„æŠ•ç¨¿ãŒæ­£ã—ãä¿å­˜ã•ã‚Œã‚‹[0m
[31mrspec ./spec/system/02_after_login_spec.rb:101[0m [36m# [STEP2] ãƒ¦ãƒ¼ã‚¶ãƒ­ã‚°ã‚¤ãƒ³å¾Œã®ãƒ†ã‚¹ãƒˆ æŠ•ç¨¿ä¸€è¦§ç”»é¢ã®ãƒ†ã‚¹ãƒˆ æŠ•ç¨¿æˆåŠŸã®ãƒ†ã‚¹ãƒˆ ãƒªãƒ€ã‚¤ãƒ¬ã‚¯ãƒˆå…ˆãŒã€ä¿å­˜ã§ããŸæŠ•ç¨¿ã®è©³ç´°ç”»é¢ã«ãªã£ã¦ã„ã‚‹[0m
[31mrspec ./spec/system/02_after_login_spec.rb:120[0m [36m# [STEP2] ãƒ¦ãƒ¼ã‚¶ãƒ­ã‚°ã‚¤ãƒ³å¾Œã®ãƒ†ã‚¹ãƒˆ è‡ªåˆ†ã®æŠ•ç¨¿è©³ç´°ç”»é¢ã®ãƒ†ã‚¹ãƒˆ è¡¨ç¤ºå†…å®¹ã®ç¢ºèª ãƒ¦ãƒ¼ã‚¶ç”»åƒãƒ»åå‰ã®ãƒªãƒ³ã‚¯å…ˆãŒæ­£ã—ã„[0m
[31mrspec ./spec/system/02_after_login_spec.rb:129[0m [36m# [STEP2] ãƒ¦ãƒ¼ã‚¶ãƒ­ã‚°ã‚¤ãƒ³å¾Œã®ãƒ†ã‚¹ãƒˆ è‡ªåˆ†ã®æŠ•ç¨¿è©³ç´°ç”»é¢ã®ãƒ†ã‚¹ãƒˆ è¡¨ç¤ºå†…å®¹ã®ç¢ºèª æŠ•ç¨¿ã®ç·¨é›†ãƒªãƒ³ã‚¯ãŒè¡¨ç¤ºã•ã‚Œã‚‹[0m
[31mrspec ./spec/system/02_after_login_spec.rb:132[0m [36m# [STEP2] ãƒ¦ãƒ¼ã‚¶ãƒ­ã‚°ã‚¤ãƒ³å¾Œã®ãƒ†ã‚¹ãƒˆ è‡ªåˆ†ã®æŠ•ç¨¿è©³ç´°ç”»é¢ã®ãƒ†ã‚¹ãƒˆ è¡¨ç¤ºå†…å®¹ã®ç¢ºèª æŠ•ç¨¿ã®å‰Šé™¤ãƒªãƒ³ã‚¯ãŒè¡¨ç¤ºã•ã‚Œã‚‹[0m
[31mrspec ./spec/system/02_after_login_spec.rb:138[0m [36m# [STEP2] ãƒ¦ãƒ¼ã‚¶ãƒ­ã‚°ã‚¤ãƒ³å¾Œã®ãƒ†ã‚¹ãƒˆ è‡ªåˆ†ã®æŠ•ç¨¿è©³ç´°ç”»é¢ã®ãƒ†ã‚¹ãƒˆ ã‚µã‚¤ãƒ‰ãƒãƒ¼ã®ç¢ºèª è‡ªåˆ†ã®åå‰ã¨ç´¹ä»‹æ–‡ãŒè¡¨ç¤ºã•ã‚Œã‚‹[0m
[31mrspec ./spec/system/02_after_login_spec.rb:142[0m [36m# [STEP2] ãƒ¦ãƒ¼ã‚¶ãƒ­ã‚°ã‚¤ãƒ³å¾Œã®ãƒ†ã‚¹ãƒˆ è‡ªåˆ†ã®æŠ•ç¨¿è©³ç´°ç”»é¢ã®ãƒ†ã‚¹ãƒˆ ã‚µã‚¤ãƒ‰ãƒãƒ¼ã®ç¢ºèª è‡ªåˆ†ã®ãƒ¦ãƒ¼ã‚¶ç·¨é›†ç”»é¢ã¸ã®ãƒªãƒ³ã‚¯ãŒå­˜åœ¨ã™ã‚‹[0m
[31mrspec ./spec/system/02_after_login_spec.rb:145[0m [36m# [STEP2] ãƒ¦ãƒ¼ã‚¶ãƒ­ã‚°ã‚¤ãƒ³å¾Œã®ãƒ†ã‚¹ãƒˆ è‡ªåˆ†ã®æŠ•ç¨¿è©³ç´°ç”»é¢ã®ãƒ†ã‚¹ãƒˆ ã‚µã‚¤ãƒ‰ãƒãƒ¼ã®ç¢ºèª ã€ŒNew bookã€ã¨è¡¨ç¤ºã•ã‚Œã‚‹[0m
[31mrspec ./spec/system/02_after_login_spec.rb:148[0m [36m# [STEP2] ãƒ¦ãƒ¼ã‚¶ãƒ­ã‚°ã‚¤ãƒ³å¾Œã®ãƒ†ã‚¹ãƒˆ è‡ªåˆ†ã®æŠ•ç¨¿è©³ç´°ç”»é¢ã®ãƒ†ã‚¹ãƒˆ ã‚µã‚¤ãƒ‰ãƒãƒ¼ã®ç¢ºèª titleãƒ•ã‚©ãƒ¼ãƒ ãŒè¡¨ç¤ºã•ã‚Œã‚‹[0m
[31mrspec ./spec/system/02_after_login_spec.rb:151[0m [36m# [STEP2] ãƒ¦ãƒ¼ã‚¶ãƒ­ã‚°ã‚¤ãƒ³å¾Œã®ãƒ†ã‚¹ãƒˆ è‡ªåˆ†ã®æŠ•ç¨¿è©³ç´°ç”»é¢ã®ãƒ†ã‚¹ãƒˆ ã‚µã‚¤ãƒ‰ãƒãƒ¼ã®ç¢ºèª titleãƒ•ã‚©ãƒ¼ãƒ ã«å€¤ãŒå…¥ã£ã¦ã„ãªã„[0m
[31mrspec ./spec/system/02_after_login_spec.rb:154[0m [36m# [STEP2] ãƒ¦ãƒ¼ã‚¶ãƒ­ã‚°ã‚¤ãƒ³å¾Œã®ãƒ†ã‚¹ãƒˆ è‡ªåˆ†ã®æŠ•ç¨¿è©³ç´°ç”»é¢ã®ãƒ†ã‚¹ãƒˆ ã‚µã‚¤ãƒ‰ãƒãƒ¼ã®ç¢ºèª bodyãƒ•ã‚©ãƒ¼ãƒ ãŒè¡¨ç¤ºã•ã‚Œã‚‹[0m
[31mrspec ./spec/system/02_after_login_spec.rb:157[0m [36m# [STEP2] ãƒ¦ãƒ¼ã‚¶ãƒ­ã‚°ã‚¤ãƒ³å¾Œã®ãƒ†ã‚¹ãƒˆ è‡ªåˆ†ã®æŠ•ç¨¿è©³ç´°ç”»é¢ã®ãƒ†ã‚¹ãƒˆ ã‚µã‚¤ãƒ‰ãƒãƒ¼ã®ç¢ºèª bodyãƒ•ã‚©ãƒ¼ãƒ ã«å€¤ãŒå…¥ã£ã¦ã„ãªã„[0m
[31mrspec ./spec/system/02_after_login_spec.rb:160[0m [36m# [STEP2] ãƒ¦ãƒ¼ã‚¶ãƒ­ã‚°ã‚¤ãƒ³å¾Œã®ãƒ†ã‚¹ãƒˆ è‡ªåˆ†ã®æŠ•ç¨¿è©³ç´°ç”»é¢ã®ãƒ†ã‚¹ãƒˆ ã‚µã‚¤ãƒ‰ãƒãƒ¼ã®ç¢ºèª Create Bookãƒœã‚¿ãƒ³ãŒè¡¨ç¤ºã•ã‚Œã‚‹[0m
[31mrspec ./spec/system/02_after_login_spec.rb:171[0m [36m# [STEP2] ãƒ¦ãƒ¼ã‚¶ãƒ­ã‚°ã‚¤ãƒ³å¾Œã®ãƒ†ã‚¹ãƒˆ è‡ªåˆ†ã®æŠ•ç¨¿è©³ç´°ç”»é¢ã®ãƒ†ã‚¹ãƒˆ æŠ•ç¨¿æˆåŠŸã®ãƒ†ã‚¹ãƒˆ è‡ªåˆ†ã®æ–°ã—ã„æŠ•ç¨¿ãŒæ­£ã—ãä¿å­˜ã•ã‚Œã‚‹[0m
[31mrspec ./spec/system/02_after_login_spec.rb:177[0m [36m# [STEP2] ãƒ¦ãƒ¼ã‚¶ãƒ­ã‚°ã‚¤ãƒ³å¾Œã®ãƒ†ã‚¹ãƒˆ è‡ªåˆ†ã®æŠ•ç¨¿è©³ç´°ç”»é¢ã®ãƒ†ã‚¹ãƒˆ ç·¨é›†ãƒªãƒ³ã‚¯ã®ãƒ†ã‚¹ãƒˆ ç·¨é›†ç”»é¢ã«é·ç§»ã™ã‚‹[0m
[31mrspec ./spec/system/02_after_login_spec.rb:184[0m [36m# [STEP2] ãƒ¦ãƒ¼ã‚¶ãƒ­ã‚°ã‚¤ãƒ³å¾Œã®ãƒ†ã‚¹ãƒˆ è‡ªåˆ†ã®æŠ•ç¨¿è©³ç´°ç”»é¢ã®ãƒ†ã‚¹ãƒˆ å‰Šé™¤ãƒªãƒ³ã‚¯ã®ãƒ†ã‚¹ãƒˆ application.html.erbã«javascript_pack_tagã‚’å«ã‚“ã§ã„ã‚‹[0m
[31mrspec ./spec/system/02_after_login_spec.rb:198[0m [36m# [STEP2] ãƒ¦ãƒ¼ã‚¶ãƒ­ã‚°ã‚¤ãƒ³å¾Œã®ãƒ†ã‚¹ãƒˆ è‡ªåˆ†ã®æŠ•ç¨¿è©³ç´°ç”»é¢ã®ãƒ†ã‚¹ãƒˆ å‰Šé™¤ãƒªãƒ³ã‚¯ã®ãƒ†ã‚¹ãƒˆ æ­£ã—ãå‰Šé™¤ã•ã‚Œã‚‹[0m
[31mrspec ./spec/system/02_after_login_spec.rb:201[0m [36m# [STEP2] ãƒ¦ãƒ¼ã‚¶ãƒ­ã‚°ã‚¤ãƒ³å¾Œã®ãƒ†ã‚¹ãƒˆ è‡ªåˆ†ã®æŠ•ç¨¿è©³ç´°ç”»é¢ã®ãƒ†ã‚¹ãƒˆ å‰Šé™¤ãƒªãƒ³ã‚¯ã®ãƒ†ã‚¹ãƒˆ ãƒªãƒ€ã‚¤ãƒ¬ã‚¯ãƒˆå…ˆãŒã€æŠ•ç¨¿ä¸€è¦§ç”»é¢ã«ãªã£ã¦ã„ã‚‹[0m
[31mrspec ./spec/system/02_after_login_spec.rb:251[0m [36m# [STEP2] ãƒ¦ãƒ¼ã‚¶ãƒ­ã‚°ã‚¤ãƒ³å¾Œã®ãƒ†ã‚¹ãƒˆ è‡ªåˆ†ã®æŠ•ç¨¿ç·¨é›†ç”»é¢ã®ãƒ†ã‚¹ãƒˆ ç·¨é›†æˆåŠŸã®ãƒ†ã‚¹ãƒˆ ãƒªãƒ€ã‚¤ãƒ¬ã‚¯ãƒˆå…ˆãŒã€æ›´æ–°ã—ãŸæŠ•ç¨¿ã®è©³ç´°ç”»é¢ã«ãªã£ã¦ã„ã‚‹[0m
[31mrspec ./spec/system/02_after_login_spec.rb:327[0m [36m# [STEP2] ãƒ¦ãƒ¼ã‚¶ãƒ­ã‚°ã‚¤ãƒ³å¾Œã®ãƒ†ã‚¹ãƒˆ è‡ªåˆ†ã®ãƒ¦ãƒ¼ã‚¶è©³ç´°ç”»é¢ã®ãƒ†ã‚¹ãƒˆ è¡¨ç¤ºã®ç¢ºèª ä»–äººã®æŠ•ç¨¿ã¯è¡¨ç¤ºã•ã‚Œãªã„[0m
[31mrspec ./spec/system/02_after_login_spec.rb:375[0m [36m# [STEP2] ãƒ¦ãƒ¼ã‚¶ãƒ­ã‚°ã‚¤ãƒ³å¾Œã®ãƒ†ã‚¹ãƒˆ è‡ªåˆ†ã®ãƒ¦ãƒ¼ã‚¶æƒ…å ±ç·¨é›†ç”»é¢ã®ãƒ†ã‚¹ãƒˆ è¡¨ç¤ºã®ç¢ºèª ç”»åƒç·¨é›†ãƒ•ã‚©ãƒ¼ãƒ ãŒè¡¨ç¤ºã•ã‚Œã‚‹[0m
[31mrspec ./spec/system/02_after_login_spec.rb:397[0m [36m# [STEP2] ãƒ¦ãƒ¼ã‚¶ãƒ­ã‚°ã‚¤ãƒ³å¾Œã®ãƒ†ã‚¹ãƒˆ è‡ªåˆ†ã®ãƒ¦ãƒ¼ã‚¶æƒ…å ±ç·¨é›†ç”»é¢ã®ãƒ†ã‚¹ãƒˆ æ›´æ–°æˆåŠŸã®ãƒ†ã‚¹ãƒˆ nameãŒæ­£ã—ãæ›´æ–°ã•ã‚Œã‚‹[0m
[31mrspec ./spec/system/02_after_login_spec.rb:400[0m [36m# [STEP2] ãƒ¦ãƒ¼ã‚¶ãƒ­ã‚°ã‚¤ãƒ³å¾Œã®ãƒ†ã‚¹ãƒˆ è‡ªåˆ†ã®ãƒ¦ãƒ¼ã‚¶æƒ…å ±ç·¨é›†ç”»é¢ã®ãƒ†ã‚¹ãƒˆ æ›´æ–°æˆåŠŸã®ãƒ†ã‚¹ãƒˆ introductionãŒæ­£ã—ãæ›´æ–°ã•ã‚Œã‚‹[0m
[31mrspec ./spec/system/02_after_login_spec.rb:403[0m [36m# [STEP2] ãƒ¦ãƒ¼ã‚¶ãƒ­ã‚°ã‚¤ãƒ³å¾Œã®ãƒ†ã‚¹ãƒˆ è‡ªåˆ†ã®ãƒ¦ãƒ¼ã‚¶æƒ…å ±ç·¨é›†ç”»é¢ã®ãƒ†ã‚¹ãƒˆ æ›´æ–°æˆåŠŸã®ãƒ†ã‚¹ãƒˆ ãƒªãƒ€ã‚¤ãƒ¬ã‚¯ãƒˆå…ˆãŒã€è‡ªåˆ†ã®ãƒ¦ãƒ¼ã‚¶è©³ç´°ç”»é¢ã«ãªã£ã¦ã„ã‚‹[0m
[31mrspec ./spec/system/03_finishing_touches_spec.rb:47[0m [36m# [STEP3] ä»•ä¸Šã’ã®ãƒ†ã‚¹ãƒˆ ã‚µã‚¯ã‚»ã‚¹ãƒ¡ãƒƒã‚»ãƒ¼ã‚¸ã®ãƒ†ã‚¹ãƒˆ æŠ•ç¨¿ãƒ‡ãƒ¼ã‚¿ã®æ–°è¦æŠ•ç¨¿æˆåŠŸæ™‚: æŠ•ç¨¿ä¸€è¦§ç”»é¢ã‹ã‚‰è¡Œã„ã¾ã™ã€‚[0m
[31mrspec ./spec/system/03_finishing_touches_spec.rb:131[0m [36m# [STEP3] ä»•ä¸Šã’ã®ãƒ†ã‚¹ãƒˆ å‡¦ç†å¤±æ•—æ™‚ã®ãƒ†ã‚¹ãƒˆ æŠ•ç¨¿ãƒ‡ãƒ¼ã‚¿ã®æ–°è¦æŠ•ç¨¿å¤±æ•—: æŠ•ç¨¿ä¸€è¦§ç”»é¢ã‹ã‚‰è¡Œã„ã€titleã‚’ç©ºã«ã™ã‚‹ æŠ•ç¨¿ãŒä¿å­˜ã•ã‚Œãªã„[0m
[31mrspec ./spec/system/03_finishing_touches_spec.rb:134[0m [36m# [STEP3] ä»•ä¸Šã’ã®ãƒ†ã‚¹ãƒˆ å‡¦ç†å¤±æ•—æ™‚ã®ãƒ†ã‚¹ãƒˆ æŠ•ç¨¿ãƒ‡ãƒ¼ã‚¿ã®æ–°è¦æŠ•ç¨¿å¤±æ•—: æŠ•ç¨¿ä¸€è¦§ç”»é¢ã‹ã‚‰è¡Œã„ã€titleã‚’ç©ºã«ã™ã‚‹ æŠ•ç¨¿ä¸€è¦§ç”»é¢ã‚’è¡¨ç¤ºã—ã¦ã„ã‚‹[0m
[31mrspec ./spec/system/03_finishing_touches_spec.rb:144[0m [36m# [STEP3] ä»•ä¸Šã’ã®ãƒ†ã‚¹ãƒˆ å‡¦ç†å¤±æ•—æ™‚ã®ãƒ†ã‚¹ãƒˆ æŠ•ç¨¿ãƒ‡ãƒ¼ã‚¿ã®æ–°è¦æŠ•ç¨¿å¤±æ•—: æŠ•ç¨¿ä¸€è¦§ç”»é¢ã‹ã‚‰è¡Œã„ã€titleã‚’ç©ºã«ã™ã‚‹ ãƒãƒªãƒ‡ãƒ¼ã‚·ãƒ§ãƒ³ã‚¨ãƒ©ãƒ¼ãŒè¡¨ç¤ºã•ã‚Œã‚‹[0m
[31mrspec ./spec/system/03_finishing_touches_spec.rb:170[0m [36m# [STEP3] ä»•ä¸Šã’ã®ãƒ†ã‚¹ãƒˆ å‡¦ç†å¤±æ•—æ™‚ã®ãƒ†ã‚¹ãƒˆ æŠ•ç¨¿ãƒ‡ãƒ¼ã‚¿ã®æ›´æ–°å¤±æ•—: titleã‚’ç©ºã«ã™ã‚‹ ã‚¨ãƒ©ãƒ¼ãƒ¡ãƒƒã‚»ãƒ¼ã‚¸ãŒè¡¨ç¤ºã•ã‚Œã‚‹[0m
[31mrspec ./spec/system/03_finishing_touches_spec.rb:225[0m [36m# [STEP3] ä»•ä¸Šã’ã®ãƒ†ã‚¹ãƒˆ ä»–äººã®ç”»é¢ã®ãƒ†ã‚¹ãƒˆ ä»–äººã®æŠ•ç¨¿è©³ç´°ç”»é¢ã®ãƒ†ã‚¹ãƒˆ è¡¨ç¤ºå†…å®¹ã®ç¢ºèª ãƒ¦ãƒ¼ã‚¶ç”»åƒãƒ»åå‰ã®ãƒªãƒ³ã‚¯å…ˆãŒæ­£ã—ã„[0m
[31mrspec ./spec/system/03_finishing_touches_spec.rb:243[0m [36m# [STEP3] ä»•ä¸Šã’ã®ãƒ†ã‚¹ãƒˆ ä»–äººã®ç”»é¢ã®ãƒ†ã‚¹ãƒˆ ä»–äººã®æŠ•ç¨¿è©³ç´°ç”»é¢ã®ãƒ†ã‚¹ãƒˆ ã‚µã‚¤ãƒ‰ãƒãƒ¼ã®ç¢ºèª ä»–äººã®åå‰ã¨ç´¹ä»‹æ–‡ãŒè¡¨ç¤ºã•ã‚Œã‚‹[0m
[31mrspec ./spec/system/03_finishing_touches_spec.rb:247[0m [36m# [STEP3] ä»•ä¸Šã’ã®ãƒ†ã‚¹ãƒˆ ä»–äººã®ç”»é¢ã®ãƒ†ã‚¹ãƒˆ ä»–äººã®æŠ•ç¨¿è©³ç´°ç”»é¢ã®ãƒ†ã‚¹ãƒˆ ã‚µã‚¤ãƒ‰ãƒãƒ¼ã®ç¢ºèª ä»–äººã®ãƒ¦ãƒ¼ã‚¶ç·¨é›†ç”»é¢ã¸ã®ãƒªãƒ³ã‚¯ãŒå­˜åœ¨ã™ã‚‹[0m
[31mrspec ./spec/system/03_finishing_touches_spec.rb:261[0m [36m# [STEP3] ä»•ä¸Šã’ã®ãƒ†ã‚¹ãƒˆ ä»–äººã®ç”»é¢ã®ãƒ†ã‚¹ãƒˆ ä»–äººã®æŠ•ç¨¿ç·¨é›†ç”»é¢ é·ç§»ã§ããšã€æŠ•ç¨¿ä¸€è¦§ç”»é¢ã«ãƒªãƒ€ã‚¤ãƒ¬ã‚¯ãƒˆã•ã‚Œã‚‹[0m
[31mrspec ./spec/system/03_finishing_touches_spec.rb:276[0m [36m# [STEP3] ä»•ä¸Šã’ã®ãƒ†ã‚¹ãƒˆ ä»–äººã®ç”»é¢ã®ãƒ†ã‚¹ãƒˆ ä»–äººã®ãƒ¦ãƒ¼ã‚¶è©³ç´°ç”»é¢ã®ãƒ†ã‚¹ãƒˆ è¡¨ç¤ºã®ç¢ºèª æŠ•ç¨¿ä¸€è¦§ã®ãƒ¦ãƒ¼ã‚¶ç”»åƒã®ãƒªãƒ³ã‚¯å…ˆãŒæ­£ã—ã„[0m
[31mrspec ./spec/system/03_finishing_touches_spec.rb:296[0m [36m# [STEP3] ä»•ä¸Šã’ã®ãƒ†ã‚¹ãƒˆ ä»–äººã®ç”»é¢ã®ãƒ†ã‚¹ãƒˆ ä»–äººã®ãƒ¦ãƒ¼ã‚¶è©³ç´°ç”»é¢ã®ãƒ†ã‚¹ãƒˆ ã‚µã‚¤ãƒ‰ãƒãƒ¼ã®ç¢ºèª ä»–äººã®ãƒ¦ãƒ¼ã‚¶ç·¨é›†ç”»é¢ã¸ã®ãƒªãƒ³ã‚¯ãŒå­˜åœ¨ã™ã‚‹[0m
[31mrspec ./spec/system/03_finishing_touches_spec.rb:303[0m [36m# [STEP3] ä»•ä¸Šã’ã®ãƒ†ã‚¹ãƒˆ ä»–äººã®ç”»é¢ã®ãƒ†ã‚¹ãƒˆ ä»–äººã®ãƒ¦ãƒ¼ã‚¶è©³ç´°ç”»é¢ã®ãƒ†ã‚¹ãƒˆ ã‚µã‚¤ãƒ‰ãƒãƒ¼ã®ç¢ºèª è‡ªåˆ†ã®ãƒ¦ãƒ¼ã‚¶ç·¨é›†ç”»é¢ã¸ã®ãƒªãƒ³ã‚¯ã¯å­˜åœ¨ã—ãªã„[0m
[31mrspec ./spec/system/03_finishing_touches_spec.rb:327[0m [36m# [STEP3] ä»•ä¸Šã’ã®ãƒ†ã‚¹ãƒˆ ã‚°ãƒªãƒƒãƒ‰ã‚·ã‚¹ãƒ†ãƒ ã®ãƒ†ã‚¹ãƒˆ: container, row, col-md-ã€‡ã‚’æ­£ã—ãä½¿ãˆã¦ã„ã‚‹ ãƒ¦ãƒ¼ã‚¶ä¸€è¦§ç”»é¢[0m
[31mrspec ./spec/system/03_finishing_touches_spec.rb:342[0m [36m# [STEP3] ä»•ä¸Šã’ã®ãƒ†ã‚¹ãƒˆ ã‚°ãƒªãƒƒãƒ‰ã‚·ã‚¹ãƒ†ãƒ ã®ãƒ†ã‚¹ãƒˆ: container, row, col-md-ã€‡ã‚’æ­£ã—ãä½¿ãˆã¦ã„ã‚‹ æŠ•ç¨¿è©³ç´°ç”»é¢[0m
[31mrspec ./spec/system/03_finishing_touches_spec.rb:369[0m [36m# [STEP3] ä»•ä¸Šã’ã®ãƒ†ã‚¹ãƒˆ ã‚¢ã‚¤ã‚³ãƒ³ã®ãƒ†ã‚¹ãƒˆ ã‚¢ãƒã‚¦ãƒˆç”»é¢ æœ¬ã®ã‚¢ã‚¤ã‚³ãƒ³ãŒè¡¨ç¤ºã•ã‚Œã‚‹[0m
[31mrspec ./spec/system/03_finishing_touches_spec.rb:408[0m [36m# [STEP3] ä»•ä¸Šã’ã®ãƒ†ã‚¹ãƒˆ ã‚¢ã‚¤ã‚³ãƒ³ã®ãƒ†ã‚¹ãƒˆ ãƒ˜ãƒƒãƒ€ãƒ¼: ãƒ­ã‚°ã‚¤ãƒ³ã—ã¦ã„ã‚‹å ´åˆ Usersãƒªãƒ³ã‚¯ã®ã‚¢ã‚¤ã‚³ãƒ³ãŒè¡¨ç¤ºã•ã‚Œã‚‹[0m
[31mrspec ./spec/system/03_finishing_touches_spec.rb:441[0m [36m# [STEP3] ä»•ä¸Šã’ã®ãƒ†ã‚¹ãƒˆ ã‚¢ã‚¤ã‚³ãƒ³ã®ãƒ†ã‚¹ãƒˆ ã‚µã‚¤ãƒ‰ãƒãƒ¼ æŠ•ç¨¿è©³ç´°ç”»é¢ã§ãƒ¬ãƒ³ãƒã‚¢ã‚¤ã‚³ãƒ³ãŒè¡¨ç¤ºã•ã‚Œã‚‹[0m

